<?xml version="1.0" encoding="UTF-8"?>
<!-- Generated by org.testng.reporters.JUnitReportReporter -->
<testsuite hostname="LAPTOP-8I2S61BG" failures="0" tests="3" name="Test1.PutPatchAndDeleteExamples" time="2.843" errors="0" timestamp="2022-05-30T11:34:28 IST" skipped="0">
  <testcase classname="Test1.PutPatchAndDeleteExamples" name="testPut" time="0.472"/>
  <system-out/>
  <testcase classname="Test1.PutPatchAndDeleteExamples" name="testDelete" time="1.901"/>
  <system-out/>
  <testcase classname="Test1.PutPatchAndDeleteExamples" name="testPatch" time="0.470"/>
  <system-out/>
</testsuite> <!-- Test1.PutPatchAndDeleteExamples -->
