<?xml version="1.0" encoding="UTF-8"?>
<!-- Generated by org.testng.reporters.JUnitReportReporter -->
<testsuite hostname="LAPTOP-8I2S61BG" failures="0" tests="1" name="Test1.TestExample" time="1.384" errors="0" timestamp="2022-05-26T00:40:23 PDT" skipped="0">
  <testcase classname="Test1.TestExample" name="test_1" time="1.384"/>
  <system-out/>
</testsuite> <!-- Test1.TestExample -->
