<?xml version="1.0" encoding="UTF-8"?>
<!-- Generated by org.testng.reporters.JUnitReportReporter -->
<testsuite hostname="LAPTOP-8I2S61BG" failures="0" tests="1" name="Trial.TrialAndError" time="2.667" errors="0" timestamp="2022-05-27T15:07:57 IST" skipped="0">
  <testcase classname="Trial.TrialAndError" name="test_2" time="2.667"/>
  <system-out/>
</testsuite> <!-- Trial.TrialAndError -->
