<?xml version="1.0" encoding="UTF-8"?>
<!-- Generated by org.testng.reporters.JUnitReportReporter -->
<testsuite hostname="LAPTOP-8I2S61BG" failures="0" tests="2" name="Test1.GetAndPostExamples" time="2.967" errors="0" timestamp="2022-05-30T11:14:54 IST" skipped="0">
  <testcase classname="Test1.GetAndPostExamples" name="testPost" time="0.767"/>
  <system-out/>
  <testcase classname="Test1.GetAndPostExamples" name="testGet" time="2.200"/>
  <system-out/>
</testsuite> <!-- Test1.GetAndPostExamples -->
