<?xml version="1.0" encoding="UTF-8"?>
<!-- Generated by org.testng.reporters.JUnitReportReporter -->
<testsuite hostname="LAPTOP-8I2S61BG" failures="0" tests="1" name="Test1.TestsOnLocalAPI" time="1.358" errors="0" timestamp="2022-05-30T13:48:33 IST" skipped="0">
  <testcase classname="Test1.TestsOnLocalAPI" name="delete" time="1.358"/>
  <system-out/>
</testsuite> <!-- Test1.TestsOnLocalAPI -->
